<?xml version='1.0'?>
<ns2:test-suite xmlns:ns2='urn:model.allure.qatools.yandex.ru' start='1583088080253' stop='1583088109613'>
    <name>Book a round trip:</name>
    <title>Book a round trip:</title>
    <test-cases>
        <test-case start='1583088080254' status='failed' stop='1583088092656'>
            <name>Test Login | {"login":"Jeeshan","password":"ASQW"} @datadriventest</name>
            <title>Test Login | {"login":"Jeeshan","password":"ASQW"} @datadriventest</title>
            <labels>
                <label name='tag' value='@datadriventest'/>
            </labels>
            <parameters/>
            <steps>
                <step start='1583088082656' status='passed' stop='1583088090931'>
                    <name>I am on page "/"</name>
                    <title>I am on page "/"</title>
                    <attachments/>
                    <steps/>
                </step>
                <step start='1583088090932' status='failed' stop='1583088092655'>
                    <name>Object: clickElement </name>
                    <title>Object: clickElement </title>
                    <attachments/>
                    <steps>
                        <step start='1583088090932' status='passed' stop='1583088090941'>
                            <name>I wait for element "#userAccountLink"</name>
                            <title>I wait for element "#userAccountLink"</title>
                            <attachments/>
                            <steps/>
                        </step>
                        <step start='1583088091047' status='passed' stop='1583088091805'>
                            <name>I click "#userAccountLink"</name>
                            <title>I click "#userAccountLink"</title>
                            <attachments/>
                            <steps/>
                        </step>
                        <step start='1583088091805' status='passed' stop='1583088091812'>
                            <name>I wait for element "#SignIn"</name>
                            <title>I wait for element "#SignIn"</title>
                            <attachments/>
                            <steps/>
                        </step>
                        <step start='1583088091921' status='passed' stop='1583088092655'>
                            <name>I click "#SignIn"</name>
                            <title>I click "#SignIn"</title>
                            <attachments/>
                            <steps/>
                        </step>
                    </steps>
                </step>
            </steps>
            <attachments>
                <attachment title='Last Seen Screenshot' source='fb1ab445-7f35-4aea-9683-1b7d5c910d2e-attachment.png' type='image/png' size='101982'/>
            </attachments>
            <failure>
                <message>Cannot read property 'enterDataInForm' of undefined</message>
                <stack-trace>TypeError: Cannot read property 'enterDataInForm' of undefined
                    at Object.enterUserCredentials (D:\cleartripautomation\pages\signIn.js:21:15)
                    at Test.&lt;anonymous> (D:\cleartripautomation\tests\signin_test.js:13:12)
                    at Context.test.fn (D:\cleartripautomation\node_modules\codeceptjs\lib\scenario.js:78:14)
                    at callFnAsync (D:\cleartripautomation\node_modules\mocha\lib\runnable.js:415:21)
                    at Test.Runnable.run (D:\cleartripautomation\node_modules\mocha\lib\runnable.js:357:7)
                    at Runner.runTest (D:\cleartripautomation\node_modules\mocha\lib\runner.js:535:10)
                    at D:\cleartripautomation\node_modules\mocha\lib\runner.js:653:12
                    at next (D:\cleartripautomation\node_modules\mocha\lib\runner.js:447:14)
                    at D:\cleartripautomation\node_modules\mocha\lib\runner.js:457:7
                    at next (D:\cleartripautomation\node_modules\mocha\lib\runner.js:362:14)</stack-trace>
            </failure>
        </test-case>
        <test-case start='1583088095063' status='failed' stop='1583088107535'>
            <name>Test Login | {"login":"Pranav","password":"pranav"} @datadriventest</name>
            <title>Test Login | {"login":"Pranav","password":"pranav"} @datadriventest</title>
            <labels>
                <label name='tag' value='@datadriventest'/>
            </labels>
            <parameters/>
            <steps>
                <step start='1583088096820' status='passed' stop='1583088105819'>
                    <name>I am on page "/"</name>
                    <title>I am on page "/"</title>
                    <attachments/>
                    <steps/>
                </step>
                <step start='1583088105819' status='failed' stop='1583088107535'>
                    <name>Object: clickElement </name>
                    <title>Object: clickElement </title>
                    <attachments/>
                    <steps>
                        <step start='1583088105819' status='passed' stop='1583088105825'>
                            <name>I wait for element "#userAccountLink"</name>
                            <title>I wait for element "#userAccountLink"</title>
                            <attachments/>
                            <steps/>
                        </step>
                        <step start='1583088105930' status='passed' stop='1583088106680'>
                            <name>I click "#userAccountLink"</name>
                            <title>I click "#userAccountLink"</title>
                            <attachments/>
                            <steps/>
                        </step>
                        <step start='1583088106680' status='passed' stop='1583088106685'>
                            <name>I wait for element "#SignIn"</name>
                            <title>I wait for element "#SignIn"</title>
                            <attachments/>
                            <steps/>
                        </step>
                        <step start='1583088106795' status='passed' stop='1583088107535'>
                            <name>I click "#SignIn"</name>
                            <title>I click "#SignIn"</title>
                            <attachments/>
                            <steps/>
                        </step>
                    </steps>
                </step>
            </steps>
            <attachments>
                <attachment title='Last Seen Screenshot' source='1bc672dc-0285-4e85-82d5-7698094a943f-attachment.png' type='image/png' size='96046'/>
            </attachments>
            <failure>
                <message>Cannot read property 'enterDataInForm' of undefined</message>
                <stack-trace>TypeError: Cannot read property 'enterDataInForm' of undefined
                    at Object.enterUserCredentials (D:\cleartripautomation\pages\signIn.js:21:15)
                    at Test.&lt;anonymous> (D:\cleartripautomation\tests\signin_test.js:13:12)
                    at Context.test.fn (D:\cleartripautomation\node_modules\codeceptjs\lib\scenario.js:78:14)
                    at callFnAsync (D:\cleartripautomation\node_modules\mocha\lib\runnable.js:415:21)
                    at Test.Runnable.run (D:\cleartripautomation\node_modules\mocha\lib\runnable.js:357:7)
                    at Runner.runTest (D:\cleartripautomation\node_modules\mocha\lib\runner.js:535:10)
                    at D:\cleartripautomation\node_modules\mocha\lib\runner.js:653:12
                    at next (D:\cleartripautomation\node_modules\mocha\lib\runner.js:447:14)
                    at D:\cleartripautomation\node_modules\mocha\lib\runner.js:457:7
                    at next (D:\cleartripautomation\node_modules\mocha\lib\runner.js:362:14)</stack-trace>
            </failure>
        </test-case>
    </test-cases>
</ns2:test-suite>