<?xml version='1.0'?>
<ns2:test-suite xmlns:ns2='urn:model.allure.qatools.yandex.ru' start='1583088497787' stop='1583088502375'>
    <name>Book a round trip:</name>
    <title>Book a round trip:</title>
    <test-cases>
        <test-case start='1583088497789' status='failed' stop='1583088499226'>
            <name>Test Login | {"login":"Jeeshan","password":"ASQW"} @datadriventest</name>
            <title>Test Login | {"login":"Jeeshan","password":"ASQW"} @datadriventest</title>
            <labels>
                <label name='tag' value='@datadriventest'/>
            </labels>
            <parameters/>
            <steps/>
            <attachments>
                <attachment title='Last Seen Screenshot' source='d4bf61ff-903b-4ec4-9d7e-110675d90a77-attachment.png' type='image/png' size='4692'/>
            </attachments>
            <failure>
                <message>Could not include object signIn from module 'D:\cleartripautomation\pages\signIn.js'
                Could not include object modal from module '/fragments/modal.js'
                Cannot find module '/fragments/modal.js'
                Require stack:
                - D:\cleartripautomation\node_modules\codeceptjs\lib\container.js
                - D:\cleartripautomation\node_modules\codeceptjs\lib\codecept.js
                - D:\cleartripautomation\node_modules\codeceptjs\bin\codecept.js</message>
                <stack-trace>Error: Could not include object signIn from module 'D:\cleartripautomation\pages\signIn.js'
                Could not include object modal from module '/fragments/modal.js'
                Cannot find module '/fragments/modal.js'
                Require stack:
                - D:\cleartripautomation\node_modules\codeceptjs\lib\container.js
                - D:\cleartripautomation\node_modules\codeceptjs\lib\codecept.js
                - D:\cleartripautomation\node_modules\codeceptjs\bin\codecept.js
                    at loadSupportObject (D:\cleartripautomation\node_modules\codeceptjs\lib\container.js:330:11)
                    at getSupportObject (D:\cleartripautomation\node_modules\codeceptjs\lib\container.js:284:12)
                    at lazyLoad (D:\cleartripautomation\node_modules\codeceptjs\lib\container.js:194:18)
                    at Object.get (D:\cleartripautomation\node_modules\codeceptjs\lib\container.js:242:24)
                    at getInjectedArguments (D:\cleartripautomation\node_modules\codeceptjs\lib\scenario.js:197:17)
                    at Context.test.fn (D:\cleartripautomation\node_modules\codeceptjs\lib\scenario.js:78:26)
                    at callFnAsync (D:\cleartripautomation\node_modules\mocha\lib\runnable.js:415:21)
                    at Test.Runnable.run (D:\cleartripautomation\node_modules\mocha\lib\runnable.js:357:7)
                    at Runner.runTest (D:\cleartripautomation\node_modules\mocha\lib\runner.js:535:10)
                    at D:\cleartripautomation\node_modules\mocha\lib\runner.js:653:12</stack-trace>
            </failure>
        </test-case>
        <test-case start='1583088500081' status='failed' stop='1583088501675'>
            <name>Test Login | {"login":"Pranav","password":"pranav"} @datadriventest</name>
            <title>Test Login | {"login":"Pranav","password":"pranav"} @datadriventest</title>
            <labels>
                <label name='tag' value='@datadriventest'/>
            </labels>
            <parameters/>
            <steps/>
            <attachments>
                <attachment title='Last Seen Screenshot' source='10eee337-631a-4a0c-84f8-c92814e2cc9d-attachment.png' type='image/png' size='4692'/>
            </attachments>
            <failure>
                <message>Could not include object signIn from module 'D:\cleartripautomation\pages\signIn.js'
                Could not include object modal from module '/fragments/modal.js'
                Cannot find module '/fragments/modal.js'
                Require stack:
                - D:\cleartripautomation\node_modules\codeceptjs\lib\container.js
                - D:\cleartripautomation\node_modules\codeceptjs\lib\codecept.js
                - D:\cleartripautomation\node_modules\codeceptjs\bin\codecept.js</message>
                <stack-trace>Error: Could not include object signIn from module 'D:\cleartripautomation\pages\signIn.js'
                Could not include object modal from module '/fragments/modal.js'
                Cannot find module '/fragments/modal.js'
                Require stack:
                - D:\cleartripautomation\node_modules\codeceptjs\lib\container.js
                - D:\cleartripautomation\node_modules\codeceptjs\lib\codecept.js
                - D:\cleartripautomation\node_modules\codeceptjs\bin\codecept.js
                    at loadSupportObject (D:\cleartripautomation\node_modules\codeceptjs\lib\container.js:330:11)
                    at getSupportObject (D:\cleartripautomation\node_modules\codeceptjs\lib\container.js:284:12)
                    at lazyLoad (D:\cleartripautomation\node_modules\codeceptjs\lib\container.js:194:18)
                    at Object.get (D:\cleartripautomation\node_modules\codeceptjs\lib\container.js:242:24)
                    at getInjectedArguments (D:\cleartripautomation\node_modules\codeceptjs\lib\scenario.js:197:17)
                    at Context.test.fn (D:\cleartripautomation\node_modules\codeceptjs\lib\scenario.js:78:26)
                    at callFnAsync (D:\cleartripautomation\node_modules\mocha\lib\runnable.js:415:21)
                    at Test.Runnable.run (D:\cleartripautomation\node_modules\mocha\lib\runnable.js:357:7)
                    at Runner.runTest (D:\cleartripautomation\node_modules\mocha\lib\runner.js:535:10)
                    at D:\cleartripautomation\node_modules\mocha\lib\runner.js:653:12</stack-trace>
            </failure>
        </test-case>
    </test-cases>
</ns2:test-suite>